D:\LIBRARY\C++\PROJECT\HAAR_TRAINING_CASCADE\DEBUG\HAARTRAINING.EXE
D:\Library\C++\Project\haar_training_cascade\Debug\haartraining.pdb
D:\Library\C++\Project\haar_training_cascade\haartraining\Debug\cl.command.1.tlog
D:\Library\C++\Project\haar_training_cascade\haartraining\Debug\CL.read.1.tlog
D:\Library\C++\Project\haar_training_cascade\haartraining\Debug\CL.write.1.tlog
D:\LIBRARY\C++\PROJECT\HAAR_TRAINING_CASCADE\HAARTRAINING\DEBUG\CVBOOST.OBJ
D:\LIBRARY\C++\PROJECT\HAAR_TRAINING_CASCADE\HAARTRAINING\DEBUG\CVCOMMON.OBJ
D:\LIBRARY\C++\PROJECT\HAAR_TRAINING_CASCADE\HAARTRAINING\DEBUG\CVHAARCLASSIFIER.OBJ
D:\LIBRARY\C++\PROJECT\HAAR_TRAINING_CASCADE\HAARTRAINING\DEBUG\CVHAARTRAINING.OBJ
D:\LIBRARY\C++\PROJECT\HAAR_TRAINING_CASCADE\HAARTRAINING\DEBUG\CVSAMPLES.OBJ
D:\LIBRARY\C++\PROJECT\HAAR_TRAINING_CASCADE\HAARTRAINING\DEBUG\CVSAMPLESOUTPUT.OBJ
D:\Library\C++\Project\haar_training_cascade\haartraining\Debug\haartraining.exe.intermediate.manifest
D:\LIBRARY\C++\PROJECT\HAAR_TRAINING_CASCADE\HAARTRAINING\DEBUG\HAARTRAINING.OBJ
D:\Library\C++\Project\haar_training_cascade\haartraining\Debug\haartraining.vcxprojResolveAssemblyReference.cache
D:\Library\C++\Project\haar_training_cascade\haartraining\Debug\haartraining.write.1.tlog
D:\Library\C++\Project\haar_training_cascade\haartraining\Debug\link.command.1.tlog
D:\Library\C++\Project\haar_training_cascade\haartraining\Debug\link.read.1.tlog
D:\Library\C++\Project\haar_training_cascade\haartraining\Debug\link.write.1.tlog
D:\LIBRARY\C++\PROJECT\HAAR_TRAINING_CASCADE\HAARTRAINING\DEBUG\MAIN.OBJ
D:\Library\C++\Project\haar_training_cascade\haartraining\Debug\mt.command.1.tlog
D:\Library\C++\Project\haar_training_cascade\haartraining\Debug\mt.read.1.tlog
D:\Library\C++\Project\haar_training_cascade\haartraining\Debug\mt.write.1.tlog
D:\LIBRARY\C++\PROJECT\HAAR_TRAINING_CASCADE\HAARTRAINING\DEBUG\PERFORMANCE.OBJ
D:\Library\C++\Project\haar_training_cascade\haartraining\Debug\vc100.idb
D:\LIBRARY\C++\PROJECT\HAAR_TRAINING_CASCADE\HAARTRAINING\DEBUG\VC100.PDB
