Build started 4/6/2015 8:01:44 AM.
     1>Project "D:\Library\C++\Project\haar_training_cascade\picture_cascade\picture_cascade.vcxproj" on node 2 (build target(s)).
     1>InitializeBuildStatus:
         Creating "Debug\picture_cascade.unsuccessfulbuild" because "AlwaysCreate" was specified.
       ClCompile:
         C:\Program Files (x86)\Microsoft Visual Studio 10.0\VC\bin\CL.exe /c /ID:\Library\C++\Project\haar_training_cascade\haar_training_cascade\opencv\build\include /ZI /nologo /W3 /WX- /Od /Oy- /D _MBCS /Gm /EHsc /RTC1 /MDd /GS /fp:precise /Zc:wchar_t /Zc:forScope /Fo"Debug\\" /Fd"Debug\vc100.pdb" /Gd /TP /analyze- /errorReport:prompt main.cpp
         main.cpp
     1>d:\library\c++\project\haar_training_cascade\picture_cascade\main.cpp(36): warning C4018: '<' : signed/unsigned mismatch
       Link:
         C:\Program Files (x86)\Microsoft Visual Studio 10.0\VC\bin\link.exe /ERRORREPORT:PROMPT /OUT:"D:\Library\C++\Project\haar_training_cascade\Debug\picture_cascade.exe" /NOLOGO /LIBPATH:D:\Library\C++\Project\haar_training_cascade\haar_training_cascade\opencv\build\x86\vc10\lib opencv_calib3d2410d.lib opencv_contrib2410d.lib opencv_core2410d.lib opencv_features2d2410d.lib opencv_flann2410d.lib opencv_gpu2410d.lib opencv_highgui2410d.lib opencv_imgproc2410d.lib opencv_legacy2410d.lib opencv_ml2410d.lib opencv_nonfree2410d.lib opencv_objdetect2410d.lib opencv_photo2410d.lib opencv_stitching2410d.lib opencv_ts2410d.lib opencv_video2410d.lib opencv_videostab2410d.lib kernel32.lib user32.lib gdi32.lib winspool.lib comdlg32.lib advapi32.lib shell32.lib ole32.lib oleaut32.lib uuid.lib odbc32.lib odbccp32.lib /MANIFEST /ManifestFile:"Debug\picture_cascade.exe.intermediate.manifest" /MANIFESTUAC:"level='asInvoker' uiAccess='false'" /DEBUG /PDB:"D:\Library\C++\Project\haar_training_cascade\Debug\picture_cascade.pdb" /TLBID:1 /DYNAMICBASE /NXCOMPAT /IMPLIB:"D:\Library\C++\Project\haar_training_cascade\Debug\picture_cascade.lib" /MACHINE:X86 Debug\main.obj
         LINK : D:\Library\C++\Project\haar_training_cascade\Debug\picture_cascade.exe not found or not built by the last incremental link; performing full link
         picture_cascade.vcxproj -> D:\Library\C++\Project\haar_training_cascade\Debug\picture_cascade.exe
       Manifest:
         C:\Program Files (x86)\Microsoft SDKs\Windows\v7.0A\bin\mt.exe /nologo /verbose /outputresource:"D:\Library\C++\Project\haar_training_cascade\Debug\picture_cascade.exe;#1" /manifest Debug\picture_cascade.exe.intermediate.manifest
       FinalizeBuildStatus:
         Deleting file "Debug\picture_cascade.unsuccessfulbuild".
         Touching "Debug\picture_cascade.lastbuildstate".
     1>Done Building Project "D:\Library\C++\Project\haar_training_cascade\picture_cascade\picture_cascade.vcxproj" (build target(s)).

Build succeeded.

Time Elapsed 00:00:03.63
