D:\Library\C++\Project\haar_training_cascade\createsample\Debug\cl.command.1.tlog
D:\Library\C++\Project\haar_training_cascade\createsample\Debug\CL.read.1.tlog
D:\Library\C++\Project\haar_training_cascade\createsample\Debug\CL.write.1.tlog
D:\LIBRARY\C++\PROJECT\HAAR_TRAINING_CASCADE\CREATESAMPLE\DEBUG\CREATESAMPLE.EXE.INTERMEDIATE.MANIFEST
D:\Library\C++\Project\haar_training_cascade\createsample\Debug\createsample.write.1.tlog
D:\LIBRARY\C++\PROJECT\HAAR_TRAINING_CASCADE\CREATESAMPLE\DEBUG\CVBOOST.OBJ
D:\LIBRARY\C++\PROJECT\HAAR_TRAINING_CASCADE\CREATESAMPLE\DEBUG\CVCOMMON.OBJ
D:\LIBRARY\C++\PROJECT\HAAR_TRAINING_CASCADE\CREATESAMPLE\DEBUG\CVHAARCLASSIFIER.OBJ
D:\LIBRARY\C++\PROJECT\HAAR_TRAINING_CASCADE\CREATESAMPLE\DEBUG\CVHAARTRAINING.OBJ
D:\LIBRARY\C++\PROJECT\HAAR_TRAINING_CASCADE\CREATESAMPLE\DEBUG\CVSAMPLES.OBJ
D:\LIBRARY\C++\PROJECT\HAAR_TRAINING_CASCADE\CREATESAMPLE\DEBUG\CVSAMPLESOUTPUT.OBJ
D:\Library\C++\Project\haar_training_cascade\createsample\Debug\link.command.1.tlog
D:\Library\C++\Project\haar_training_cascade\createsample\Debug\link.read.1.tlog
D:\Library\C++\Project\haar_training_cascade\createsample\Debug\link.write.1.tlog
D:\LIBRARY\C++\PROJECT\HAAR_TRAINING_CASCADE\CREATESAMPLE\DEBUG\MAIN.OBJ
D:\Library\C++\Project\haar_training_cascade\createsample\Debug\mt.command.1.tlog
D:\Library\C++\Project\haar_training_cascade\createsample\Debug\mt.read.1.tlog
D:\Library\C++\Project\haar_training_cascade\createsample\Debug\mt.write.1.tlog
D:\Library\C++\Project\haar_training_cascade\createsample\Debug\vc100.idb
D:\LIBRARY\C++\PROJECT\HAAR_TRAINING_CASCADE\CREATESAMPLE\DEBUG\VC100.PDB
D:\LIBRARY\C++\PROJECT\HAAR_TRAINING_CASCADE\DEBUG\CREATESAMPLE.EXE
D:\LIBRARY\C++\PROJECT\HAAR_TRAINING_CASCADE\DEBUG\CREATESAMPLE.ILK
D:\LIBRARY\C++\PROJECT\HAAR_TRAINING_CASCADE\DEBUG\CREATESAMPLE.PDB
