Build started 6/6/2015 11:48:50 AM.
     1>Project "D:\Library\C++\Project\haar_training_cascade\imgcrop\imgcrop.vcxproj" on node 2 (build target(s)).
     1>InitializeBuildStatus:
         Creating "Debug\imgcrop.unsuccessfulbuild" because "AlwaysCreate" was specified.
       ClCompile:
         C:\Program Files (x86)\Microsoft Visual Studio 10.0\VC\bin\CL.exe /c /ID:\Library\C++\Project\haar_training_cascade\haar_training_cascade\opencv\build\include /ZI /nologo /W3 /WX- /Od /Oy- /D _MBCS /Gm /EHsc /RTC1 /MDd /GS /fp:precise /Zc:wchar_t /Zc:forScope /Fo"Debug\\" /Fd"Debug\vc100.pdb" /Gd /TP /analyze- /errorReport:prompt main.cpp
         main.cpp
     1>d:\library\c++\project\haar_training_cascade\imgcrop\main.cpp(101): warning C4996: 'localtime': This function or variable may be unsafe. Consider using localtime_s instead. To disable deprecation, use _CRT_SECURE_NO_WARNINGS. See online help for details.
                 c:\program files (x86)\microsoft visual studio 10.0\vc\include\time.inl(112) : see declaration of 'localtime'
     1>d:\library\c++\project\haar_training_cascade\imgcrop\main.cpp(171): warning C4996: 'sprintf': This function or variable may be unsafe. Consider using sprintf_s instead. To disable deprecation, use _CRT_SECURE_NO_WARNINGS. See online help for details.
                 c:\program files (x86)\microsoft visual studio 10.0\vc\include\stdio.h(371) : see declaration of 'sprintf'
       Link:
         C:\Program Files (x86)\Microsoft Visual Studio 10.0\VC\bin\link.exe /ERRORREPORT:PROMPT /OUT:"D:\Library\C++\Project\haar_training_cascade\Debug\imgcrop.exe" /NOLOGO /LIBPATH:D:\Library\C++\Project\haar_training_cascade\haar_training_cascade\opencv\build\x86\vc10\lib opencv_calib3d2410d.lib opencv_contrib2410d.lib opencv_core2410d.lib opencv_features2d2410d.lib opencv_flann2410d.lib opencv_gpu2410d.lib opencv_highgui2410d.lib opencv_imgproc2410d.lib opencv_legacy2410d.lib opencv_ml2410d.lib opencv_nonfree2410d.lib opencv_objdetect2410d.lib opencv_photo2410d.lib opencv_stitching2410d.lib opencv_ts2410d.lib opencv_video2410d.lib opencv_videostab2410d.lib kernel32.lib user32.lib gdi32.lib winspool.lib comdlg32.lib advapi32.lib shell32.lib ole32.lib oleaut32.lib uuid.lib odbc32.lib odbccp32.lib /MANIFEST /ManifestFile:"Debug\imgcrop.exe.intermediate.manifest" /MANIFESTUAC:"level='asInvoker' uiAccess='false'" /DEBUG /PDB:"D:\Library\C++\Project\haar_training_cascade\Debug\imgcrop.pdb" /TLBID:1 /DYNAMICBASE /NXCOMPAT /IMPLIB:"D:\Library\C++\Project\haar_training_cascade\Debug\imgcrop.lib" /MACHINE:X86 Debug\main.obj
         imgcrop.vcxproj -> D:\Library\C++\Project\haar_training_cascade\Debug\imgcrop.exe
       Manifest:
         C:\Program Files (x86)\Microsoft SDKs\Windows\v7.0A\bin\mt.exe /nologo /verbose /outputresource:"D:\Library\C++\Project\haar_training_cascade\Debug\imgcrop.exe;#1" /manifest Debug\imgcrop.exe.intermediate.manifest
       FinalizeBuildStatus:
         Deleting file "Debug\imgcrop.unsuccessfulbuild".
         Touching "Debug\imgcrop.lastbuildstate".
     1>Done Building Project "D:\Library\C++\Project\haar_training_cascade\imgcrop\imgcrop.vcxproj" (build target(s)).

Build succeeded.

Time Elapsed 00:00:11.43
